[0;33m--- esp-idf-monitor 1.2.1 on /dev/ttyUSB0 115200 ---[0m
[0;33m--- Quit: Ctrl+] | Menu: Ctrl+T | Help: Ctrl+T followed by Ctrl+H ---[0m
[0;33m0x40080400: _init at ??:?
[0m
[0;33m0x40081160: call_start_cpu1 at /home/comfi/esp/esp-idf/components/esp_system/port/cpu_start.c:178
[0m
[0;33m0x400da26b: task_wdt_timeout_handling at /home/comfi/esp/esp-idf/components/esp_system/task_wdt/task_wdt.c:461 (discriminator 3)
[0m
[0;33m0x400da3f2: task_wdt_isr at /home/comfi/esp/esp-idf/components/esp_system/task_wdt/task_wdt.c:585
[0m
[0;33m0x400830c1: _xt_lowint1 at /home/comfi/esp/esp-idf/components/xtensa/xtensa_vectors.S:1236
[0m
[0;33m0x4008b651: spi_ll_usr_is_done at /home/comfi/esp/esp-idf/components/hal/esp32/include/hal/spi_ll.h:123
 (inlined by) spi_hal_usr_is_done at /home/comfi/esp/esp-idf/components/hal/spi_hal_iram.c:195
[0m
[0;33m0x40083b45: spi_device_polling_end at /home/comfi/esp/esp-idf/components/driver/spi/gpspi/spi_master.c:1088
[0m
[0;33m0x40083ba1: spi_device_polling_transmit at /home/comfi/esp/esp-idf/components/driver/spi/gpspi/spi_master.c:1119
[0m
[0;33m0x400d5e30: write_reg at /home/comfi/esp/low-power-dashboard/main/EPD_4in01f.c:87
[0m
[0;33m0x400d5ea1: EPD_4IN01F_SendData at /home/comfi/esp/low-power-dashboard/main/EPD_4in01f.c:127
[0m
[0;33m0x400d5fe9: EPD_4IN01F_Clear at /home/comfi/esp/low-power-dashboard/main/EPD_4in01f.c:207 (discriminator 3)
[0m
[0;33m0x400d5bab: app_main at /home/comfi/esp/low-power-dashboard/main/low-power-dashboard.c:186
[0m
[0;33m0x400eb29c: main_task at /home/comfi/esp/esp-idf/components/freertos/app_startup.c:208 (discriminator 13)
[0m
[0;33m0x4008949d: vPortTaskWrapper at /home/comfi/esp/esp-idf/components/freertos/FreeRTOS-Kernel/portable/xtensa/port.c:162
[0m
[0;33m0x400da26b: task_wdt_timeout_handling at /home/comfi/esp/esp-idf/components/esp_system/task_wdt/task_wdt.c:461 (discriminator 3)
[0m
[0;33m0x400da3f2: task_wdt_isr at /home/comfi/esp/esp-idf/components/esp_system/task_wdt/task_wdt.c:585
[0m
[0;33m0x400830c1: _xt_lowint1 at /home/comfi/esp/esp-idf/components/xtensa/xtensa_vectors.S:1236
[0m
[0;33m0x4008b649: spi_ll_set_address at /home/comfi/esp/esp-idf/components/hal/esp32/include/hal/spi_ll.h:852
[0m
[0;33m0x40083ba1: spi_device_polling_transmit at /home/comfi/esp/esp-idf/components/driver/spi/gpspi/spi_master.c:1119
[0m
[0;33m0x400d5e30: write_reg at /home/comfi/esp/low-power-dashboard/main/EPD_4in01f.c:87
[0m
[0;33m0x400d5ea1: EPD_4IN01F_SendData at /home/comfi/esp/low-power-dashboard/main/EPD_4in01f.c:127
[0m
[0;33m0x400d5fe9: EPD_4IN01F_Clear at /home/comfi/esp/low-power-dashboard/main/EPD_4in01f.c:207 (discriminator 3)
[0m
[0;33m0x400d5bab: app_main at /home/comfi/esp/low-power-dashboard/main/low-power-dashboard.c:186
[0m
[0;33m0x400eb29c: main_task at /home/comfi/esp/esp-idf/components/freertos/app_startup.c:208 (discriminator 13)
[0m
[0;33m0x4008949d: vPortTaskWrapper at /home/comfi/esp/esp-idf/components/freertos/FreeRTOS-Kernel/portable/xtensa/port.c:162
[0m
[0;33m0x400da26b: task_wdt_timeout_handling at /home/comfi/esp/esp-idf/components/esp_system/task_wdt/task_wdt.c:461 (discriminator 3)
[0m
[0;33m0x400da3f2: task_wdt_isr at /home/comfi/esp/esp-idf/components/esp_system/task_wdt/task_wdt.c:585
[0m
[0;33m0x400830c1: _xt_lowint1 at /home/comfi/esp/esp-idf/components/xtensa/xtensa_vectors.S:1236
[0m
[0;33m0x40087ef2: xTaskGetTickCount at /home/comfi/esp/esp-idf/components/freertos/FreeRTOS-Kernel/tasks.c:2615
[0m
[0;33m0x40083b39: spi_device_polling_end at /home/comfi/esp/esp-idf/components/driver/spi/gpspi/spi_master.c:1089
[0m
[0;33m0x40083ba1: spi_device_polling_transmit at /home/comfi/esp/esp-idf/components/driver/spi/gpspi/spi_master.c:1119
[0m
[0;33m0x400d5e30: write_reg at /home/comfi/esp/low-power-dashboard/main/EPD_4in01f.c:87
[0m
[0;33m0x400d5ea1: EPD_4IN01F_SendData at /home/comfi/esp/low-power-dashboard/main/EPD_4in01f.c:127
[0m
[0;33m0x400d5fe9: EPD_4IN01F_Clear at /home/comfi/esp/low-power-dashboard/main/EPD_4in01f.c:207 (discriminator 3)
[0m
[0;33m0x400d5bab: app_main at /home/comfi/esp/low-power-dashboard/main/low-power-dashboard.c:186
[0m
[0;33m0x400eb29c: main_task at /home/comfi/esp/esp-idf/components/freertos/app_startup.c:208 (discriminator 13)
[0m
[0;33m0x4008949d: vPortTaskWrapper at /home/comfi/esp/esp-idf/components/freertos/FreeRTOS-Kernel/portable/xtensa/port.c:162
[0m
[0;33m0x400da26b: task_wdt_timeout_handling at /home/comfi/esp/esp-idf/components/esp_system/task_wdt/task_wdt.c:461 (discriminator 3)
[0m
[0;33m0x400da3f2: task_wdt_isr at /home/comfi/esp/esp-idf/components/esp_system/task_wdt/task_wdt.c:585
[0m
[0;33m0x400830c1: _xt_lowint1 at /home/comfi/esp/esp-idf/components/xtensa/xtensa_vectors.S:1236
[0m
[0;33m0x400d5ea1: EPD_4IN01F_SendData at /home/comfi/esp/low-power-dashboard/main/EPD_4in01f.c:127
[0m
[0;33m0x400d5fe9: EPD_4IN01F_Clear at /home/comfi/esp/low-power-dashboard/main/EPD_4in01f.c:207 (discriminator 3)
[0m
[0;33m0x400d5bab: app_main at /home/comfi/esp/low-power-dashboard/main/low-power-dashboard.c:186
[0m
[0;33m0x400eb29c: main_task at /home/comfi/esp/esp-idf/components/freertos/app_startup.c:208 (discriminator 13)
[0m
[0;33m0x4008949d: vPortTaskWrapper at /home/comfi/esp/esp-idf/components/freertos/FreeRTOS-Kernel/portable/xtensa/port.c:162
[0m
[1;31mNone[0m
[0;33mWaiting for the device to reconnect[0mException in thread Thread-2 (_run_outer):
Traceback (most recent call last):
  File "/home/comfi/.espressif/python_env/idf5.2_py3.11_env/lib/python3.11/site-packages/esp_idf_monitor/base/serial_reader.py", line 76, in run
    data = self.serial.read(self.serial.in_waiting or 1)
           ^^^^^^^^^^^^^^^^^^^^^^^^^^^^^^^^^^^^^^^^^^^^^
  File "/home/comfi/.espressif/python_env/idf5.2_py3.11_env/lib/python3.11/site-packages/serial/serialposix.py", line 595, in read
    raise SerialException(
serial.serialutil.SerialException: device reports readiness to read but returned no data (device disconnected or multiple access on port?)

During handling of the above exception, another exception occurred:

Traceback (most recent call last):
  File "/home/comfi/.espressif/python_env/idf5.2_py3.11_env/lib/python3.11/site-packages/esp_idf_monitor/base/serial_reader.py", line 83, in run
    self.close_serial()
  File "/home/comfi/.espressif/python_env/idf5.2_py3.11_env/lib/python3.11/site-packages/esp_idf_monitor/base/serial_reader.py", line 105, in close_serial
    self._disable_closing_wait_or_discard_data()
  File "/home/comfi/.espressif/python_env/idf5.2_py3.11_env/lib/python3.11/site-packages/esp_idf_monitor/base/serial_reader.py", line 119, in _disable_closing_wait_or_discard_data
    buf = fcntl.ioctl(self.serial.fd, termios.TIOCGSERIAL, buf)
          ^^^^^^^^^^^^^^^^^^^^^^^^^^^^^^^^^^^^^^^^^^^^^^^^^^^^^
OSError: [Errno 5] Input/output error

During handling of the above exception, another exception occurred:

Traceback (most recent call last):
  File "/usr/lib/python3.11/threading.py", line 1038, in _bootstrap_inner
    self.run()
  File "/usr/lib/python3.11/threading.py", line 975, in run
    self._target(*self._args, **self._kwargs)
  File "/home/comfi/.espressif/python_env/idf5.2_py3.11_env/lib/python3.11/site-packages/esp_idf_monitor/base/stoppable_thread.py", line 47, in _run_outer
    self.run()
  File "/home/comfi/.espressif/python_env/idf5.2_py3.11_env/lib/python3.11/site-packages/esp_idf_monitor/base/serial_reader.py", line 100, in run
    self.close_serial()
  File "/home/comfi/.espressif/python_env/idf5.2_py3.11_env/lib/python3.11/site-packages/esp_idf_monitor/base/serial_reader.py", line 105, in close_serial
    self._disable_closing_wait_or_discard_data()
  File "/home/comfi/.espressif/python_env/idf5.2_py3.11_env/lib/python3.11/site-packages/esp_idf_monitor/base/serial_reader.py", line 119, in _disable_closing_wait_or_discard_data
    buf = fcntl.ioctl(self.serial.fd, termios.TIOCGSERIAL, buf)
          ^^^^^^^^^^^^^^^^^^^^^^^^^^^^^^^^^^^^^^^^^^^^^^^^^^^^^
OSError: [Errno 5] Input/output error
[0m
