[0;33m--- esp-idf-monitor 1.2.1 on /dev/ttyUSB0 115200 ---[0m
[0;33m--- Quit: Ctrl+] | Menu: Ctrl+T | Help: Ctrl+T followed by Ctrl+H ---[0m
[0;33m0x40080400: _init at ??:?
[0m
[0;33m0x40081160: call_start_cpu1 at /home/comfi/esp/esp-idf/components/esp_system/port/cpu_start.c:178
[0m
[0;33m0x400da527: task_wdt_timeout_handling at /home/comfi/esp/esp-idf/components/esp_system/task_wdt/task_wdt.c:461 (discriminator 3)
[0m
[0;33m0x400da6ae: task_wdt_isr at /home/comfi/esp/esp-idf/components/esp_system/task_wdt/task_wdt.c:585
[0m
[0;33m0x400830c1: _xt_lowint1 at /home/comfi/esp/esp-idf/components/xtensa/xtensa_vectors.S:1236
[0m
[0;33m0x400d532a: uart_ll_get_txfifo_len at /home/comfi/esp/esp-idf/components/hal/esp32/include/hal/uart_ll.h:332 (discriminator 1)
 (inlined by) uart_tx_char at /home/comfi/esp/esp-idf/components/vfs/vfs_uart.c:167 (discriminator 1)
[0m
[0;33m0x400d5a77: uart_write at /home/comfi/esp/esp-idf/components/vfs/vfs_uart.c:220
[0m
[0;33m0x400d49ab: console_write at /home/comfi/esp/esp-idf/components/vfs/vfs_console.c:73
[0m
[0;33m0x400d4572: esp_vfs_write at /home/comfi/esp/esp-idf/components/vfs/vfs.c:445 (discriminator 4)
[0m
[0;33m0x4000bd83: _write_r in ROM
[0m
[0;33m0x4000117d: __swrite in ROM
[0m
[0;33m0x400592fe: __sflush_r in ROM
[0m
[0;33m0x4005937a: _fflush_r in ROM
[0m
[0;33m0x400e0263: __sfvwrite_r at /builds/idf/crosstool-NG/.build/xtensa-esp32-elf/src/newlib/newlib/libc/stdio/fvwrite.c:251
[0m
[0;33m0x400e80eb: __sprint_r at /builds/idf/crosstool-NG/.build/xtensa-esp32-elf/src/newlib/newlib/libc/stdio/vfprintf.c:429
 (inlined by) __sprint_r at /builds/idf/crosstool-NG/.build/xtensa-esp32-elf/src/newlib/newlib/libc/stdio/vfprintf.c:399
[0m
[0;33m0x400e3ce6: _vfprintf_r at /builds/idf/crosstool-NG/.build/xtensa-esp32-elf/src/newlib/newlib/libc/stdio/vfprintf.c:1777 (discriminator 1)
[0m
[0;33m0x400e0411: printf at /builds/idf/crosstool-NG/.build/xtensa-esp32-elf/src/newlib/newlib/libc/stdio/printf.c:56 (discriminator 5)
[0m
[0;33m0x400d60f0: EPD_4IN01F_Display at /home/comfi/esp/low-power-dashboard/main/EPD_4in01f.c:260
[0m
[0;33m0x400d5bf6: app_main at /home/comfi/esp/low-power-dashboard/main/low-power-dashboard.c:2603
[0m
[0;33m0x400eb72c: main_task at /home/comfi/esp/esp-idf/components/freertos/app_startup.c:208 (discriminator 13)
[0m
[0;33m0x4008949d: vPortTaskWrapper at /home/comfi/esp/esp-idf/components/freertos/FreeRTOS-Kernel/portable/xtensa/port.c:162
[0m
[0;33m0x400da527: task_wdt_timeout_handling at /home/comfi/esp/esp-idf/components/esp_system/task_wdt/task_wdt.c:461 (discriminator 3)
[0m
[0;33m0x400da6ae: task_wdt_isr at /home/comfi/esp/esp-idf/components/esp_system/task_wdt/task_wdt.c:585
[0m
[0;33m0x400830c1: _xt_lowint1 at /home/comfi/esp/esp-idf/components/xtensa/xtensa_vectors.S:1236
[0m
[0;33m0x400d5325: uart_ll_get_txfifo_len at /home/comfi/esp/esp-idf/components/hal/esp32/include/hal/uart_ll.h:332 (discriminator 1)
 (inlined by) uart_tx_char at /home/comfi/esp/esp-idf/components/vfs/vfs_uart.c:167 (discriminator 1)
[0m
[0;33m0x400d5a77: uart_write at /home/comfi/esp/esp-idf/components/vfs/vfs_uart.c:220
[0m
[0;33m0x400d49ab: console_write at /home/comfi/esp/esp-idf/components/vfs/vfs_console.c:73
[0m
[0;33m0x400d4572: esp_vfs_write at /home/comfi/esp/esp-idf/components/vfs/vfs.c:445 (discriminator 4)
[0m
[0;33m0x4000bd83: _write_r in ROM
[0m
[0;33m0x4000117d: __swrite in ROM
[0m
[0;33m0x400592fe: __sflush_r in ROM
[0m
[0;33m0x4005937a: _fflush_r in ROM
[0m
[0;33m0x400e0263: __sfvwrite_r at /builds/idf/crosstool-NG/.build/xtensa-esp32-elf/src/newlib/newlib/libc/stdio/fvwrite.c:251
[0m
[0;33m0x400e80eb: __sprint_r at /builds/idf/crosstool-NG/.build/xtensa-esp32-elf/src/newlib/newlib/libc/stdio/vfprintf.c:429
 (inlined by) __sprint_r at /builds/idf/crosstool-NG/.build/xtensa-esp32-elf/src/newlib/newlib/libc/stdio/vfprintf.c:399
[0m
[0;33m0x400e3ce6: _vfprintf_r at /builds/idf/crosstool-NG/.build/xtensa-esp32-elf/src/newlib/newlib/libc/stdio/vfprintf.c:1777 (discriminator 1)
[0m
[0;33m0x400e0411: printf at /builds/idf/crosstool-NG/.build/xtensa-esp32-elf/src/newlib/newlib/libc/stdio/printf.c:56 (discriminator 5)
[0m
[0;33m0x400d60f0: EPD_4IN01F_Display at /home/comfi/esp/low-power-dashboard/main/EPD_4in01f.c:260
[0m
[0;33m0x400d5bf6: app_main at /home/comfi/esp/low-power-dashboard/main/low-power-dashboard.c:2603
[0m
[0;33m0x400eb72c: main_task at /home/comfi/esp/esp-idf/components/freertos/app_startup.c:208 (discriminator 13)
[0m
[0;33m0x4008949d: vPortTaskWrapper at /home/comfi/esp/esp-idf/components/freertos/FreeRTOS-Kernel/portable/xtensa/port.c:162
[0m
[0;33m0x400da527: task_wdt_timeout_handling at /home/comfi/esp/esp-idf/components/esp_system/task_wdt/task_wdt.c:461 (discriminator 3)
[0m
[0;33m0x400da6ae: task_wdt_isr at /home/comfi/esp/esp-idf/components/esp_system/task_wdt/task_wdt.c:585
[0m
[0;33m0x400830c1: _xt_lowint1 at /home/comfi/esp/esp-idf/components/xtensa/xtensa_vectors.S:1236
[0m
[0;33m0x400d5320: uart_ll_get_txfifo_len at /home/comfi/esp/esp-idf/components/hal/esp32/include/hal/uart_ll.h:332 (discriminator 1)
 (inlined by) uart_tx_char at /home/comfi/esp/esp-idf/components/vfs/vfs_uart.c:167 (discriminator 1)
[0m
[0;33m0x400d5a77: uart_write at /home/comfi/esp/esp-idf/components/vfs/vfs_uart.c:220
[0m
[0;33m0x400d49ab: console_write at /home/comfi/esp/esp-idf/components/vfs/vfs_console.c:73
[0m
[0;33m0x400d4572: esp_vfs_write at /home/comfi/esp/esp-idf/components/vfs/vfs.c:445 (discriminator 4)
[0m
[0;33m0x4000bd83: _write_r in ROM
[0m
[0;33m0x4000117d: __swrite in ROM
[0m
[0;33m0x400592fe: __sflush_r in ROM
[0m
[0;33m0x4005937a: _fflush_r in ROM
[0m
[0;33m0x400e0263: __sfvwrite_r at /builds/idf/crosstool-NG/.build/xtensa-esp32-elf/src/newlib/newlib/libc/stdio/fvwrite.c:251
[0m
[0;33m0x400e80eb: __sprint_r at /builds/idf/crosstool-NG/.build/xtensa-esp32-elf/src/newlib/newlib/libc/stdio/vfprintf.c:429
 (inlined by) __sprint_r at /builds/idf/crosstool-NG/.build/xtensa-esp32-elf/src/newlib/newlib/libc/stdio/vfprintf.c:399
[0m
[0;33m0x400e3ce6: _vfprintf_r at /builds/idf/crosstool-NG/.build/xtensa-esp32-elf/src/newlib/newlib/libc/stdio/vfprintf.c:1777 (discriminator 1)
[0m
[0;33m0x400e0411: printf at /builds/idf/crosstool-NG/.build/xtensa-esp32-elf/src/newlib/newlib/libc/stdio/printf.c:56 (discriminator 5)
[0m
[0;33m0x400d60f0: EPD_4IN01F_Display at /home/comfi/esp/low-power-dashboard/main/EPD_4in01f.c:260
[0m
[0;33m0x400d5bf6: app_main at /home/comfi/esp/low-power-dashboard/main/low-power-dashboard.c:2603
[0m
[0;33m0x400eb72c: main_task at /home/comfi/esp/esp-idf/components/freertos/app_startup.c:208 (discriminator 13)
[0m
[0;33m0x4008949d: vPortTaskWrapper at /home/comfi/esp/esp-idf/components/freertos/FreeRTOS-Kernel/portable/xtensa/port.c:162
[0m
[0;33m0x400da527: task_wdt_timeout_handling at /home/comfi/esp/esp-idf/components/esp_system/task_wdt/task_wdt.c:461 (discriminator 3)
[0m
[0;33m0x400da6ae: task_wdt_isr at /home/comfi/esp/esp-idf/components/esp_system/task_wdt/task_wdt.c:585
[0m
[0;33m0x400830c1: _xt_lowint1 at /home/comfi/esp/esp-idf/components/xtensa/xtensa_vectors.S:1236
[0m
[0;33m0x400d5335: uart_ll_get_txfifo_len at /home/comfi/esp/esp-idf/components/hal/esp32/include/hal/uart_ll.h:332 (discriminator 1)
 (inlined by) uart_tx_char at /home/comfi/esp/esp-idf/components/vfs/vfs_uart.c:167 (discriminator 1)
[0m
[0;33m0x400d5a77: uart_write at /home/comfi/esp/esp-idf/components/vfs/vfs_uart.c:220
[0m
[0;33m0x400d49ab: console_write at /home/comfi/esp/esp-idf/components/vfs/vfs_console.c:73
[0m
[0;33m0x400d4572: esp_vfs_write at /home/comfi/esp/esp-idf/components/vfs/vfs.c:445 (discriminator 4)
[0m
[0;33m0x4000bd83: _write_r in ROM
[0m
[0;33m0x4000117d: __swrite in ROM
[0m
[0;33m0x400592fe: __sflush_r in ROM
[0m
[0;33m0x4005937a: _fflush_r in ROM
[0m
[0;33m0x400e0263: __sfvwrite_r at /builds/idf/crosstool-NG/.build/xtensa-esp32-elf/src/newlib/newlib/libc/stdio/fvwrite.c:251
[0m
[0;33m0x400e80eb: __sprint_r at /builds/idf/crosstool-NG/.build/xtensa-esp32-elf/src/newlib/newlib/libc/stdio/vfprintf.c:429
 (inlined by) __sprint_r at /builds/idf/crosstool-NG/.build/xtensa-esp32-elf/src/newlib/newlib/libc/stdio/vfprintf.c:399
[0m
[0;33m0x400e3ce6: _vfprintf_r at /builds/idf/crosstool-NG/.build/xtensa-esp32-elf/src/newlib/newlib/libc/stdio/vfprintf.c:1777 (discriminator 1)
[0m
[0;33m0x400e0411: printf at /builds/idf/crosstool-NG/.build/xtensa-esp32-elf/src/newlib/newlib/libc/stdio/printf.c:56 (discriminator 5)
[0m
[0;33m0x400d60f0: EPD_4IN01F_Display at /home/comfi/esp/low-power-dashboard/main/EPD_4in01f.c:260
[0m
[0;33m0x400d5bf6: app_main at /home/comfi/esp/low-power-dashboard/main/low-power-dashboard.c:2603
[0m
[0;33m0x400eb72c: main_task at /home/comfi/esp/esp-idf/components/freertos/app_startup.c:208 (discriminator 13)
[0m
[0;33m0x4008949d: vPortTaskWrapper at /home/comfi/esp/esp-idf/components/freertos/FreeRTOS-Kernel/portable/xtensa/port.c:162
[0m
[0;33m0x400da527: task_wdt_timeout_handling at /home/comfi/esp/esp-idf/components/esp_system/task_wdt/task_wdt.c:461 (discriminator 3)
[0m
[0;33m0x400da6ae: task_wdt_isr at /home/comfi/esp/esp-idf/components/esp_system/task_wdt/task_wdt.c:585
[0m
[0;33m0x400830c1: _xt_lowint1 at /home/comfi/esp/esp-idf/components/xtensa/xtensa_vectors.S:1236
[0m
[0;33m0x400d531d: uart_tx_char at /home/comfi/esp/esp-idf/components/vfs/vfs_uart.c:165
[0m
[0;33m0x400d5a77: uart_write at /home/comfi/esp/esp-idf/components/vfs/vfs_uart.c:220
[0m
[0;33m0x400d49ab: console_write at /home/comfi/esp/esp-idf/components/vfs/vfs_console.c:73
[0m
[0;33m0x400d4572: esp_vfs_write at /home/comfi/esp/esp-idf/components/vfs/vfs.c:445 (discriminator 4)
[0m
[0;33m0x4000bd83: _write_r in ROM
[0m
[0;33m0x4000117d: __swrite in ROM
[0m
[0;33m0x400592fe: __sflush_r in ROM
[0m
[0;33m0x4005937a: _fflush_r in ROM
[0m
[0;33m0x400e0263: __sfvwrite_r at /builds/idf/crosstool-NG/.build/xtensa-esp32-elf/src/newlib/newlib/libc/stdio/fvwrite.c:251
[0m
[0;33m0x400e80eb: __sprint_r at /builds/idf/crosstool-NG/.build/xtensa-esp32-elf/src/newlib/newlib/libc/stdio/vfprintf.c:429
 (inlined by) __sprint_r at /builds/idf/crosstool-NG/.build/xtensa-esp32-elf/src/newlib/newlib/libc/stdio/vfprintf.c:399
[0m
[0;33m0x400e3ce6: _vfprintf_r at /builds/idf/crosstool-NG/.build/xtensa-esp32-elf/src/newlib/newlib/libc/stdio/vfprintf.c:1777 (discriminator 1)
[0m
[0;33m0x400e0411: printf at /builds/idf/crosstool-NG/.build/xtensa-esp32-elf/src/newlib/newlib/libc/stdio/printf.c:56 (discriminator 5)
[0m
[0;33m0x400d60f0: EPD_4IN01F_Display at /home/comfi/esp/low-power-dashboard/main/EPD_4in01f.c:260
[0m
[0;33m0x400d5bf6: app_main at /home/comfi/esp/low-power-dashboard/main/low-power-dashboard.c:2603
[0m
[0;33m0x400eb72c: main_task at /home/comfi/esp/esp-idf/components/freertos/app_startup.c:208 (discriminator 13)
[0m
[0;33m0x4008949d: vPortTaskWrapper at /home/comfi/esp/esp-idf/components/freertos/FreeRTOS-Kernel/portable/xtensa/port.c:162
[0m
[0;33m0x400da527: task_wdt_timeout_handling at /home/comfi/esp/esp-idf/components/esp_system/task_wdt/task_wdt.c:461 (discriminator 3)
[0m
[0;33m0x400da6ae: task_wdt_isr at /home/comfi/esp/esp-idf/components/esp_system/task_wdt/task_wdt.c:585
[0m
[0;33m0x400830c1: _xt_lowint1 at /home/comfi/esp/esp-idf/components/xtensa/xtensa_vectors.S:1236
[0m
[0;33m0x400d5327: uart_ll_get_txfifo_len at /home/comfi/esp/esp-idf/components/hal/esp32/include/hal/uart_ll.h:332 (discriminator 1)
 (inlined by) uart_tx_char at /home/comfi/esp/esp-idf/components/vfs/vfs_uart.c:167 (discriminator 1)
[0m
[0;33m0x400d5a77: uart_write at /home/comfi/esp/esp-idf/components/vfs/vfs_uart.c:220
[0m
[0;33m0x400d49ab: console_write at /home/comfi/esp/esp-idf/components/vfs/vfs_console.c:73
[0m
[0;33m0x400d4572: esp_vfs_write at /home/comfi/esp/esp-idf/components/vfs/vfs.c:445 (discriminator 4)
[0m
[0;33m0x4000bd83: _write_r in ROM
[0m
[0;33m0x4000117d: __swrite in ROM
[0m
[0;33m0x400592fe: __sflush_r in ROM
[0m
[0;33m0x4005937a: _fflush_r in ROM
[0m
[0;33m0x400e0263: __sfvwrite_r at /builds/idf/crosstool-NG/.build/xtensa-esp32-elf/src/newlib/newlib/libc/stdio/fvwrite.c:251
[0m
[0;33m0x400e80eb: __sprint_r at /builds/idf/crosstool-NG/.build/xtensa-esp32-elf/src/newlib/newlib/libc/stdio/vfprintf.c:429
 (inlined by) __sprint_r at /builds/idf/crosstool-NG/.build/xtensa-esp32-elf/src/newlib/newlib/libc/stdio/vfprintf.c:399
[0m
[0;33m0x400e3ce6: _vfprintf_r at /builds/idf/crosstool-NG/.build/xtensa-esp32-elf/src/newlib/newlib/libc/stdio/vfprintf.c:1777 (discriminator 1)
[0m
[0;33m0x400e0411: printf at /builds/idf/crosstool-NG/.build/xtensa-esp32-elf/src/newlib/newlib/libc/stdio/printf.c:56 (discriminator 5)
[0m
[0;33m0x400d60f0: EPD_4IN01F_Display at /home/comfi/esp/low-power-dashboard/main/EPD_4in01f.c:260
[0m
[0;33m0x400d5bf6: app_main at /home/comfi/esp/low-power-dashboard/main/low-power-dashboard.c:2603
[0m
[0;33m0x400eb72c: main_task at /home/comfi/esp/esp-idf/components/freertos/app_startup.c:208 (discriminator 13)
[0m
[0;33m0x4008949d: vPortTaskWrapper at /home/comfi/esp/esp-idf/components/freertos/FreeRTOS-Kernel/portable/xtensa/port.c:162
[0m
[0;33m0x400da527: task_wdt_timeout_handling at /home/comfi/esp/esp-idf/components/esp_system/task_wdt/task_wdt.c:461 (discriminator 3)
[0m
[0;33m0x400da6ae: task_wdt_isr at /home/comfi/esp/esp-idf/components/esp_system/task_wdt/task_wdt.c:585
[0m
[0;33m0x400830c1: _xt_lowint1 at /home/comfi/esp/esp-idf/components/xtensa/xtensa_vectors.S:1236
[0m
[0;33m0x400d531d: uart_tx_char at /home/comfi/esp/esp-idf/components/vfs/vfs_uart.c:165
[0m
[0;33m0x400d5a77: uart_write at /home/comfi/esp/esp-idf/components/vfs/vfs_uart.c:220
[0m
[0;33m0x400d49ab: console_write at /home/comfi/esp/esp-idf/components/vfs/vfs_console.c:73
[0m
[0;33m0x400d4572: esp_vfs_write at /home/comfi/esp/esp-idf/components/vfs/vfs.c:445 (discriminator 4)
[0m
[0;33m0x4000bd83: _write_r in ROM
[0m
[0;33m0x4000117d: __swrite in ROM
[0m
[0;33m0x400592fe: __sflush_r in ROM
[0m
[0;33m0x4005937a: _fflush_r in ROM
[0m
[0;33m0x400e0263: __sfvwrite_r at /builds/idf/crosstool-NG/.build/xtensa-esp32-elf/src/newlib/newlib/libc/stdio/fvwrite.c:251
[0m
[0;33m0x400e80eb: __sprint_r at /builds/idf/crosstool-NG/.build/xtensa-esp32-elf/src/newlib/newlib/libc/stdio/vfprintf.c:429
 (inlined by) __sprint_r at /builds/idf/crosstool-NG/.build/xtensa-esp32-elf/src/newlib/newlib/libc/stdio/vfprintf.c:399
[0m
[0;33m0x400e3ce6: _vfprintf_r at /builds/idf/crosstool-NG/.build/xtensa-esp32-elf/src/newlib/newlib/libc/stdio/vfprintf.c:1777 (discriminator 1)
[0m
[0;33m0x400e0411: printf at /builds/idf/crosstool-NG/.build/xtensa-esp32-elf/src/newlib/newlib/libc/stdio/printf.c:56 (discriminator 5)
[0m
[0;33m0x400d60f0: EPD_4IN01F_Display at /home/comfi/esp/low-power-dashboard/main/EPD_4in01f.c:260
[0m
[0;33m0x400d5bf6: app_main at /home/comfi/esp/low-power-dashboard/main/low-power-dashboard.c:2603
[0m
[0;33m0x400eb72c: main_task at /home/comfi/esp/esp-idf/components/freertos/app_startup.c:208 (discriminator 13)
[0m
[0;33m0x4008949d: vPortTaskWrapper at /home/comfi/esp/esp-idf/components/freertos/FreeRTOS-Kernel/portable/xtensa/port.c:162
[0m
[0;33m0x400da527: task_wdt_timeout_handling at /home/comfi/esp/esp-idf/components/esp_system/task_wdt/task_wdt.c:461 (discriminator 3)
[0m
[0;33m0x400da6ae: task_wdt_isr at /home/comfi/esp/esp-idf/components/esp_system/task_wdt/task_wdt.c:585
[0m
[0;33m0x400830c1: _xt_lowint1 at /home/comfi/esp/esp-idf/components/xtensa/xtensa_vectors.S:1236
[0m
[0;33m0x400d531d: uart_tx_char at /home/comfi/esp/esp-idf/components/vfs/vfs_uart.c:165
[0m
[0;33m0x400d5a77: uart_write at /home/comfi/esp/esp-idf/components/vfs/vfs_uart.c:220
[0m
[0;33m0x400d49ab: console_write at /home/comfi/esp/esp-idf/components/vfs/vfs_console.c:73
[0m
[0;33m0x400d4572: esp_vfs_write at /home/comfi/esp/esp-idf/components/vfs/vfs.c:445 (discriminator 4)
[0m
[0;33m0x4000bd83: _write_r in ROM
[0m
[0;33m0x4000117d: __swrite in ROM
[0m
[0;33m0x400592fe: __sflush_r in ROM
[0m
[0;33m0x4005937a: _fflush_r in ROM
[0m
[0;33m0x400e0263: __sfvwrite_r at /builds/idf/crosstool-NG/.build/xtensa-esp32-elf/src/newlib/newlib/libc/stdio/fvwrite.c:251
[0m
[0;33m0x400e80eb: __sprint_r at /builds/idf/crosstool-NG/.build/xtensa-esp32-elf/src/newlib/newlib/libc/stdio/vfprintf.c:429
 (inlined by) __sprint_r at /builds/idf/crosstool-NG/.build/xtensa-esp32-elf/src/newlib/newlib/libc/stdio/vfprintf.c:399
[0m
[0;33m0x400e3ce6: _vfprintf_r at /builds/idf/crosstool-NG/.build/xtensa-esp32-elf/src/newlib/newlib/libc/stdio/vfprintf.c:1777 (discriminator 1)
[0m
[0;33m0x400e0411: printf at /builds/idf/crosstool-NG/.build/xtensa-esp32-elf/src/newlib/newlib/libc/stdio/printf.c:56 (discriminator 5)
[0m
[0;33m0x400d60f0: EPD_4IN01F_Display at /home/comfi/esp/low-power-dashboard/main/EPD_4in01f.c:260
[0m
[0;33m0x400d5bf6: app_main at /home/comfi/esp/low-power-dashboard/main/low-power-dashboard.c:2603
[0m
[0;33m0x400eb72c: main_task at /home/comfi/esp/esp-idf/components/freertos/app_startup.c:208 (discriminator 13)
[0m
[0;33m0x4008949d: vPortTaskWrapper at /home/comfi/esp/esp-idf/components/freertos/FreeRTOS-Kernel/portable/xtensa/port.c:162
[0m
[1;31mNone[0m
[0;33mWaiting for the device to reconnect[0mException in thread Thread-2 (_run_outer):
Traceback (most recent call last):
  File "/home/comfi/.espressif/python_env/idf5.2_py3.11_env/lib/python3.11/site-packages/esp_idf_monitor/base/serial_reader.py", line 76, in run
    data = self.serial.read(self.serial.in_waiting or 1)
           ^^^^^^^^^^^^^^^^^^^^^^^^^^^^^^^^^^^^^^^^^^^^^
  File "/home/comfi/.espressif/python_env/idf5.2_py3.11_env/lib/python3.11/site-packages/serial/serialposix.py", line 595, in read
    raise SerialException(
serial.serialutil.SerialException: device reports readiness to read but returned no data (device disconnected or multiple access on port?)

During handling of the above exception, another exception occurred:

Traceback (most recent call last):
  File "/home/comfi/.espressif/python_env/idf5.2_py3.11_env/lib/python3.11/site-packages/esp_idf_monitor/base/serial_reader.py", line 83, in run
    self.close_serial()
  File "/home/comfi/.espressif/python_env/idf5.2_py3.11_env/lib/python3.11/site-packages/esp_idf_monitor/base/serial_reader.py", line 105, in close_serial
    self._disable_closing_wait_or_discard_data()
  File "/home/comfi/.espressif/python_env/idf5.2_py3.11_env/lib/python3.11/site-packages/esp_idf_monitor/base/serial_reader.py", line 119, in _disable_closing_wait_or_discard_data
    buf = fcntl.ioctl(self.serial.fd, termios.TIOCGSERIAL, buf)
          ^^^^^^^^^^^^^^^^^^^^^^^^^^^^^^^^^^^^^^^^^^^^^^^^^^^^^
OSError: [Errno 5] Input/output error

During handling of the above exception, another exception occurred:

Traceback (most recent call last):
  File "/usr/lib/python3.11/threading.py", line 1038, in _bootstrap_inner
    self.run()
  File "/usr/lib/python3.11/threading.py", line 975, in run
    self._target(*self._args, **self._kwargs)
  File "/home/comfi/.espressif/python_env/idf5.2_py3.11_env/lib/python3.11/site-packages/esp_idf_monitor/base/stoppable_thread.py", line 47, in _run_outer
    self.run()
  File "/home/comfi/.espressif/python_env/idf5.2_py3.11_env/lib/python3.11/site-packages/esp_idf_monitor/base/serial_reader.py", line 100, in run
    self.close_serial()
  File "/home/comfi/.espressif/python_env/idf5.2_py3.11_env/lib/python3.11/site-packages/esp_idf_monitor/base/serial_reader.py", line 105, in close_serial
    self._disable_closing_wait_or_discard_data()
  File "/home/comfi/.espressif/python_env/idf5.2_py3.11_env/lib/python3.11/site-packages/esp_idf_monitor/base/serial_reader.py", line 119, in _disable_closing_wait_or_discard_data
    buf = fcntl.ioctl(self.serial.fd, termios.TIOCGSERIAL, buf)
          ^^^^^^^^^^^^^^^^^^^^^^^^^^^^^^^^^^^^^^^^^^^^^^^^^^^^^
OSError: [Errno 5] Input/output error
[0m
